"GET /employee/ HTTP/1.1" 302 0
"GET /login/?next=/employee/ HTTP/1.1" 200 2695
"GET /admin/ HTTP/1.1" 302 0
"GET /admin/login/?next=/admin/ HTTP/1.1" 200 1942
"POST /admin/login/?next=/admin/ HTTP/1.1" 302 0
"GET /admin/ HTTP/1.1" 200 9629
"GET /admin/survey/organization/ HTTP/1.1" 200 6054
"GET /admin/jsi18n/ HTTP/1.1" 200 3185
"GET /admin/logout/ HTTP/1.1" 200 1330
"GET /admin/ HTTP/1.1" 302 0
"GET /admin/login/?next=/admin/ HTTP/1.1" 200 1942
"GET / HTTP/1.1" 200 2869
"GET /static/img/bg-img.jpeg HTTP/1.1" 304 0
"GET /admin/ HTTP/1.1" 302 0
"GET /admin/login/?next=/admin/ HTTP/1.1" 200 1942
"POST /admin/login/?next=/admin/ HTTP/1.1" 302 0
"GET /admin/ HTTP/1.1" 200 9629
"GET /admin/survey/organization/ HTTP/1.1" 200 6054
"GET /admin/jsi18n/ HTTP/1.1" 200 3185
Internal Server Error: /admin/survey/organization/
Traceback (most recent call last):
  File "C:\Users\sonal.pawar\Desktop\virtualEnv\SurveyVenv\lib\site-packages\django\core\handlers\exception.py", line 34, in inner
    response = get_response(request)
  File "C:\Users\sonal.pawar\Desktop\virtualEnv\SurveyVenv\lib\site-packages\django\core\handlers\base.py", line 126, in _get_response
    response = self.process_exception_by_middleware(e, request)
  File "C:\Users\sonal.pawar\Desktop\virtualEnv\SurveyVenv\lib\site-packages\django\core\handlers\base.py", line 124, in _get_response
    response = wrapped_callback(request, *callback_args, **callback_kwargs)
  File "C:\Users\sonal.pawar\Desktop\virtualEnv\SurveyVenv\lib\site-packages\django\contrib\admin\options.py", line 604, in wrapper
    return self.admin_site.admin_view(view)(*args, **kwargs)
  File "C:\Users\sonal.pawar\Desktop\virtualEnv\SurveyVenv\lib\site-packages\django\utils\decorators.py", line 142, in _wrapped_view
    response = view_func(request, *args, **kwargs)
  File "C:\Users\sonal.pawar\Desktop\virtualEnv\SurveyVenv\lib\site-packages\django\views\decorators\cache.py", line 44, in _wrapped_view_func
    response = view_func(request, *args, **kwargs)
  File "C:\Users\sonal.pawar\Desktop\virtualEnv\SurveyVenv\lib\site-packages\django\contrib\admin\sites.py", line 223, in inner
    return view(request, *args, **kwargs)
  File "C:\Users\sonal.pawar\Desktop\virtualEnv\SurveyVenv\lib\site-packages\django\utils\decorators.py", line 45, in _wrapper
    return bound_method(*args, **kwargs)
  File "C:\Users\sonal.pawar\Desktop\virtualEnv\SurveyVenv\lib\site-packages\django\utils\decorators.py", line 142, in _wrapped_view
    response = view_func(request, *args, **kwargs)
  File "C:\Users\sonal.pawar\Desktop\virtualEnv\SurveyVenv\lib\site-packages\django\contrib\admin\options.py", line 1701, in changelist_view
    response = self.response_action(request, queryset=cl.get_queryset(request))
  File "C:\Users\sonal.pawar\Desktop\virtualEnv\SurveyVenv\lib\site-packages\django\contrib\admin\options.py", line 1400, in response_action
    response = func(self, request, queryset)
TypeError: archive_action() takes 1 positional argument but 3 were given
"POST /admin/survey/organization/ HTTP/1.1" 500 109963
"GET /admin/survey/organization/ HTTP/1.1" 200 6054
Internal Server Error: /admin/survey/organization/
Traceback (most recent call last):
  File "C:\Users\sonal.pawar\Desktop\virtualEnv\SurveyVenv\lib\site-packages\django\core\handlers\exception.py", line 34, in inner
    response = get_response(request)
  File "C:\Users\sonal.pawar\Desktop\virtualEnv\SurveyVenv\lib\site-packages\django\core\handlers\base.py", line 126, in _get_response
    response = self.process_exception_by_middleware(e, request)
  File "C:\Users\sonal.pawar\Desktop\virtualEnv\SurveyVenv\lib\site-packages\django\core\handlers\base.py", line 124, in _get_response
    response = wrapped_callback(request, *callback_args, **callback_kwargs)
  File "C:\Users\sonal.pawar\Desktop\virtualEnv\SurveyVenv\lib\site-packages\django\contrib\admin\options.py", line 604, in wrapper
    return self.admin_site.admin_view(view)(*args, **kwargs)
  File "C:\Users\sonal.pawar\Desktop\virtualEnv\SurveyVenv\lib\site-packages\django\utils\decorators.py", line 142, in _wrapped_view
    response = view_func(request, *args, **kwargs)
  File "C:\Users\sonal.pawar\Desktop\virtualEnv\SurveyVenv\lib\site-packages\django\views\decorators\cache.py", line 44, in _wrapped_view_func
    response = view_func(request, *args, **kwargs)
  File "C:\Users\sonal.pawar\Desktop\virtualEnv\SurveyVenv\lib\site-packages\django\contrib\admin\sites.py", line 223, in inner
    return view(request, *args, **kwargs)
  File "C:\Users\sonal.pawar\Desktop\virtualEnv\SurveyVenv\lib\site-packages\django\utils\decorators.py", line 45, in _wrapper
    return bound_method(*args, **kwargs)
  File "C:\Users\sonal.pawar\Desktop\virtualEnv\SurveyVenv\lib\site-packages\django\utils\decorators.py", line 142, in _wrapped_view
    response = view_func(request, *args, **kwargs)
  File "C:\Users\sonal.pawar\Desktop\virtualEnv\SurveyVenv\lib\site-packages\django\contrib\admin\options.py", line 1701, in changelist_view
    response = self.response_action(request, queryset=cl.get_queryset(request))
  File "C:\Users\sonal.pawar\Desktop\virtualEnv\SurveyVenv\lib\site-packages\django\contrib\admin\options.py", line 1400, in response_action
    response = func(self, request, queryset)
TypeError: archive_action() takes 1 positional argument but 3 were given
"POST /admin/survey/organization/ HTTP/1.1" 500 109963
"GET /admin/survey/organization/ HTTP/1.1" 200 6054
Internal Server Error: /admin/survey/organization/
Traceback (most recent call last):
  File "C:\Users\sonal.pawar\Desktop\virtualEnv\SurveyVenv\lib\site-packages\django\core\handlers\exception.py", line 34, in inner
    response = get_response(request)
  File "C:\Users\sonal.pawar\Desktop\virtualEnv\SurveyVenv\lib\site-packages\django\core\handlers\base.py", line 126, in _get_response
    response = self.process_exception_by_middleware(e, request)
  File "C:\Users\sonal.pawar\Desktop\virtualEnv\SurveyVenv\lib\site-packages\django\core\handlers\base.py", line 124, in _get_response
    response = wrapped_callback(request, *callback_args, **callback_kwargs)
  File "C:\Users\sonal.pawar\Desktop\virtualEnv\SurveyVenv\lib\site-packages\django\contrib\admin\options.py", line 604, in wrapper
    return self.admin_site.admin_view(view)(*args, **kwargs)
  File "C:\Users\sonal.pawar\Desktop\virtualEnv\SurveyVenv\lib\site-packages\django\utils\decorators.py", line 142, in _wrapped_view
    response = view_func(request, *args, **kwargs)
  File "C:\Users\sonal.pawar\Desktop\virtualEnv\SurveyVenv\lib\site-packages\django\views\decorators\cache.py", line 44, in _wrapped_view_func
    response = view_func(request, *args, **kwargs)
  File "C:\Users\sonal.pawar\Desktop\virtualEnv\SurveyVenv\lib\site-packages\django\contrib\admin\sites.py", line 223, in inner
    return view(request, *args, **kwargs)
  File "C:\Users\sonal.pawar\Desktop\virtualEnv\SurveyVenv\lib\site-packages\django\utils\decorators.py", line 45, in _wrapper
    return bound_method(*args, **kwargs)
  File "C:\Users\sonal.pawar\Desktop\virtualEnv\SurveyVenv\lib\site-packages\django\utils\decorators.py", line 142, in _wrapped_view
    response = view_func(request, *args, **kwargs)
  File "C:\Users\sonal.pawar\Desktop\virtualEnv\SurveyVenv\lib\site-packages\django\contrib\admin\options.py", line 1701, in changelist_view
    response = self.response_action(request, queryset=cl.get_queryset(request))
  File "C:\Users\sonal.pawar\Desktop\virtualEnv\SurveyVenv\lib\site-packages\django\contrib\admin\options.py", line 1400, in response_action
    response = func(self, request, queryset)
TypeError: restore_action() takes 1 positional argument but 3 were given
"POST /admin/survey/organization/ HTTP/1.1" 500 109963
"GET /admin/survey/organization/ HTTP/1.1" 200 6054
Internal Server Error: /admin/survey/organization/
Traceback (most recent call last):
  File "C:\Users\sonal.pawar\Desktop\virtualEnv\SurveyVenv\lib\site-packages\django\core\handlers\exception.py", line 34, in inner
    response = get_response(request)
  File "C:\Users\sonal.pawar\Desktop\virtualEnv\SurveyVenv\lib\site-packages\django\core\handlers\base.py", line 126, in _get_response
    response = self.process_exception_by_middleware(e, request)
  File "C:\Users\sonal.pawar\Desktop\virtualEnv\SurveyVenv\lib\site-packages\django\core\handlers\base.py", line 124, in _get_response
    response = wrapped_callback(request, *callback_args, **callback_kwargs)
  File "C:\Users\sonal.pawar\Desktop\virtualEnv\SurveyVenv\lib\site-packages\django\contrib\admin\options.py", line 604, in wrapper
    return self.admin_site.admin_view(view)(*args, **kwargs)
  File "C:\Users\sonal.pawar\Desktop\virtualEnv\SurveyVenv\lib\site-packages\django\utils\decorators.py", line 142, in _wrapped_view
    response = view_func(request, *args, **kwargs)
  File "C:\Users\sonal.pawar\Desktop\virtualEnv\SurveyVenv\lib\site-packages\django\views\decorators\cache.py", line 44, in _wrapped_view_func
    response = view_func(request, *args, **kwargs)
  File "C:\Users\sonal.pawar\Desktop\virtualEnv\SurveyVenv\lib\site-packages\django\contrib\admin\sites.py", line 223, in inner
    return view(request, *args, **kwargs)
  File "C:\Users\sonal.pawar\Desktop\virtualEnv\SurveyVenv\lib\site-packages\django\utils\decorators.py", line 45, in _wrapper
    return bound_method(*args, **kwargs)
  File "C:\Users\sonal.pawar\Desktop\virtualEnv\SurveyVenv\lib\site-packages\django\utils\decorators.py", line 142, in _wrapped_view
    response = view_func(request, *args, **kwargs)
  File "C:\Users\sonal.pawar\Desktop\virtualEnv\SurveyVenv\lib\site-packages\django\contrib\admin\options.py", line 1701, in changelist_view
    response = self.response_action(request, queryset=cl.get_queryset(request))
  File "C:\Users\sonal.pawar\Desktop\virtualEnv\SurveyVenv\lib\site-packages\django\contrib\admin\options.py", line 1400, in response_action
    response = func(self, request, queryset)
TypeError: archive_action() takes 1 positional argument but 3 were given
"POST /admin/survey/organization/ HTTP/1.1" 500 109963
"GET /admin/survey/organization/ HTTP/1.1" 200 6054
"GET /admin/survey/ HTTP/1.1" 200 4718
"GET /admin/survey/ HTTP/1.1" 200 4718
"GET /static/admin/css/base.css HTTP/1.1" 200 16225
"GET /static/admin/css/responsive.css HTTP/1.1" 200 17976
"GET /static/img/survey_logo.jpg HTTP/1.1" 200 70872
"GET /static/admin/css/fonts.css HTTP/1.1" 200 423
"GET /static/admin/css/dashboard.css HTTP/1.1" 200 412
"GET /static/admin/fonts/Roboto-Light-webfont.woff HTTP/1.1" 200 81348
"GET /static/admin/fonts/Roboto-Bold-webfont.woff HTTP/1.1" 200 82564
"GET /static/icon/fav_icon.png HTTP/1.1" 200 33548
"GET /static/admin/img/icon-addlink.svg HTTP/1.1" 200 331
"GET /static/admin/img/icon-viewlink.svg HTTP/1.1" 200 581
"GET /static/admin/img/icon-changelink.svg HTTP/1.1" 200 380
"GET /static/admin/fonts/Roboto-Regular-webfont.woff HTTP/1.1" 200 80304
"GET /admin/survey/organization/ HTTP/1.1" 200 6054
"GET /admin/jsi18n/ HTTP/1.1" 200 3185
"POST /admin/survey/organization/ HTTP/1.1" 302 0
"GET /admin/survey/organization/ HTTP/1.1" 200 6055
"GET /admin/jsi18n/ HTTP/1.1" 200 3185
"GET /admin/logout/ HTTP/1.1" 200 1330
"GET /admin/ HTTP/1.1" 302 0
"GET /admin/login/?next=/admin/ HTTP/1.1" 200 1942
"POST /admin/login/?next=/admin/ HTTP/1.1" 302 0
"GET /admin/ HTTP/1.1" 200 7073
"GET /admin/survey/employee/ HTTP/1.1" 200 3715
"GET /admin/jsi18n/ HTTP/1.1" 200 3185
"GET /admin/ HTTP/1.1" 200 7073
"GET /admin/survey/question/ HTTP/1.1" 200 3522
"GET /admin/jsi18n/ HTTP/1.1" 200 3185
"GET /admin/ HTTP/1.1" 200 7073
"GET /admin/survey/surveyfeedback/ HTTP/1.1" 200 6677
"GET /admin/ HTTP/1.1" 200 7073
"GET /admin/logout/ HTTP/1.1" 200 1330
"GET /admin/ HTTP/1.1" 302 0
"GET /admin/login/?next=/admin/ HTTP/1.1" 200 1942
"POST /admin/login/?next=/admin/ HTTP/1.1" 302 0
"GET /admin/ HTTP/1.1" 200 9629
"GET /admin/survey/organization/ HTTP/1.1" 200 6055
"GET /admin/jsi18n/ HTTP/1.1" 200 3185
"POST /admin/survey/organization/ HTTP/1.1" 302 0
"GET /admin/survey/organization/ HTTP/1.1" 200 6054
"GET /admin/jsi18n/ HTTP/1.1" 200 3185
"GET /admin/logout/ HTTP/1.1" 200 1330
"GET /admin/ HTTP/1.1" 302 0
"GET /admin/login/?next=/admin/ HTTP/1.1" 200 1942
"POST /admin/login/?next=/admin/ HTTP/1.1" 302 0
"GET /admin/ HTTP/1.1" 200 7073
"GET /admin/survey/employee/ HTTP/1.1" 200 9073
"GET /admin/jsi18n/ HTTP/1.1" 200 3185
"GET /admin/logout/ HTTP/1.1" 200 1330
"GET /admin/ HTTP/1.1" 302 0
"GET /admin/login/?next=/admin/ HTTP/1.1" 200 1942
"POST /admin/login/?next=/admin/ HTTP/1.1" 302 0
"GET /admin/ HTTP/1.1" 200 7028
"GET /admin/survey/employee/ HTTP/1.1" 200 9706
"GET /admin/jsi18n/ HTTP/1.1" 200 3185
"GET /admin/survey/ HTTP/1.1" 200 3859
"GET /admin/survey/question/ HTTP/1.1" 200 12407
"GET /admin/jsi18n/ HTTP/1.1" 200 3185
"GET /admin/survey/ HTTP/1.1" 200 3859
"GET /admin/survey/survey/ HTTP/1.1" 200 11011
"GET /admin/jsi18n/ HTTP/1.1" 200 3185
"GET /admin/survey/survey/add/ HTTP/1.1" 200 8969
"GET /admin/jsi18n/ HTTP/1.1" 200 3185
"POST /admin/survey/survey/add/ HTTP/1.1" 302 0
"GET /admin/survey/survey/ HTTP/1.1" 200 11899
"GET /admin/jsi18n/ HTTP/1.1" 200 3185
"GET /admin/survey/ HTTP/1.1" 200 3859
"GET / HTTP/1.1" 200 2869
Not Found: /favicon.ico
"GET /favicon.ico HTTP/1.1" 404 3149
"GET /employee/ HTTP/1.1" 302 0
"GET /login/ HTTP/1.1" 200 2695
"POST /login/ HTTP/1.1" 302 0
"GET /employee/ HTTP/1.1" 200 18306
"GET /que_list/11 HTTP/1.1" 200 16484
"POST /save/11 HTTP/1.1" 302 0
"GET /employee/ HTTP/1.1" 200 18307
"GET /que_list/11 HTTP/1.1" 200 15419
"POST /save/11 HTTP/1.1" 302 0
"GET /employee/ HTTP/1.1" 200 18307
"GET /que_list/11 HTTP/1.1" 200 15165
"POST /save/11 HTTP/1.1" 302 0
"GET /employee/ HTTP/1.1" 200 18308
"GET /que_list/11 HTTP/1.1" 200 14838
"GET /employee/ HTTP/1.1" 200 18308
"GET /que_list/4 HTTP/1.1" 200 13687
"GET /employee/ HTTP/1.1" 200 18308
"GET /que_list/5 HTTP/1.1" 200 17004
"POST /save/5 HTTP/1.1" 302 0
"GET /employee/ HTTP/1.1" 200 18310
"GET /que_list/5 HTTP/1.1" 200 16834
"GET /employee/ HTTP/1.1" 200 18310
"GET /que_list/12 HTTP/1.1" 200 25768
"GET /login/ HTTP/1.1" 200 2695
"GET /que_list/12 HTTP/1.1" 200 25768
"GET /login/ HTTP/1.1" 200 2695
"POST /login/ HTTP/1.1" 302 0
"GET /employee/ HTTP/1.1" 200 18310
"GET /que_list/12 HTTP/1.1" 200 25768
"GET /login/ HTTP/1.1" 200 2695
"GET /que_list/12 HTTP/1.1" 200 25768
"GET /login/ HTTP/1.1" 200 2695
"GET /que_list/12 HTTP/1.1" 200 25768
"GET /login/ HTTP/1.1" 200 2695
"GET /que_list/12 HTTP/1.1" 200 25768
"GET /login/ HTTP/1.1" 200 2695
"GET /que_list/12 HTTP/1.1" 200 25768
"GET /login/ HTTP/1.1" 200 2695
"GET /logout/ HTTP/1.1" 302 0
"GET / HTTP/1.1" 200 2869
"GET /employee/ HTTP/1.1" 302 0
"GET /login/?next=/employee/ HTTP/1.1" 200 2695
"POST /login/ HTTP/1.1" 302 0
"GET /employee/ HTTP/1.1" 302 0
"GET /login/?next=/employee/ HTTP/1.1" 200 2695
"POST /login/ HTTP/1.1" 302 0
"GET /employee/ HTTP/1.1" 302 0
"GET /login/?next=/employee/ HTTP/1.1" 200 2695
"GET / HTTP/1.1" 200 2869
"GET /admin/ HTTP/1.1" 302 0
"GET /admin/login/?next=/admin/ HTTP/1.1" 200 1942
"POST /admin/login/?next=/admin/ HTTP/1.1" 302 0
"GET /admin/ HTTP/1.1" 200 7028
"GET /admin/survey/employee/ HTTP/1.1" 200 9706
"GET /admin/jsi18n/ HTTP/1.1" 200 3185
"GET / HTTP/1.1" 200 2869
"GET /employee/ HTTP/1.1" 200 18310
"GET /logout/ HTTP/1.1" 302 0
"GET / HTTP/1.1" 200 2869
"GET /employee/ HTTP/1.1" 302 0
"GET /login/?next=/employee/ HTTP/1.1" 200 2695
"POST /login/ HTTP/1.1" 200 2695
"GET /admin/ HTTP/1.1" 302 0
"GET /admin/login/?next=/admin/ HTTP/1.1" 200 1942
"POST /admin/login/?next=/admin/ HTTP/1.1" 302 0
"GET /admin/ HTTP/1.1" 200 7028
"GET /login/ HTTP/1.1" 200 2695
"GET /static/vendor/fontawesome-free/css/all.min.css HTTP/1.1" 200 53777
"GET /static/js/sb-admin-2.min.js HTTP/1.1" 200 1106
"GET /static/css/sb-admin-2.min.css HTTP/1.1" 200 192951
"GET /static/vendor/jquery/jquery.min.js HTTP/1.1" 200 86927
"GET /static/vendor/bootstrap/js/bootstrap.bundle.min.js HTTP/1.1" 200 76308
"GET /static/vendor/jquery-easing/jquery.easing.min.js HTTP/1.1" 200 2532
Not Found: /favicon.ico
"GET /favicon.ico HTTP/1.1" 404 3149
"POST /login/ HTTP/1.1" 302 0
"GET /employee/ HTTP/1.1" 302 0
"GET /login/?next=/employee/ HTTP/1.1" 200 2695
"GET / HTTP/1.1" 200 2869
"GET /static/vendor/fontawesome-free/css/all.min.css HTTP/1.1" 200 53777
"GET /static/css/sb-admin-2.min.css HTTP/1.1" 200 192951
"GET /static/vendor/jquery/jquery.min.js HTTP/1.1" 200 86927
"GET /static/js/sb-admin-2.min.js HTTP/1.1" 200 1106
"GET /static/vendor/jquery-easing/jquery.easing.min.js HTTP/1.1" 200 2532
"GET /static/vendor/bootstrap/js/bootstrap.bundle.min.js HTTP/1.1" 200 76308
Not Found: /favicon.ico
"GET /favicon.ico HTTP/1.1" 404 3149
"GET /static/img/bg-img.jpeg HTTP/1.1" 200 193693
"GET /static/vendor/fontawesome-free/webfonts/fa-solid-900.woff2 HTTP/1.1" 200 79212
"GET /login/ HTTP/1.1" 200 2695
"GET /static/vendor/fontawesome-free/css/all.min.css HTTP/1.1" 200 53777
"GET /static/js/sb-admin-2.min.js HTTP/1.1" 200 1106
"GET /static/css/sb-admin-2.min.css HTTP/1.1" 200 192951
"GET /static/vendor/jquery/jquery.min.js HTTP/1.1" 200 86927
"GET /static/vendor/bootstrap/js/bootstrap.bundle.min.js HTTP/1.1" 200 76308
"GET /static/vendor/jquery-easing/jquery.easing.min.js HTTP/1.1" 200 2532
Not Found: /favicon.ico
"GET /favicon.ico HTTP/1.1" 404 3149
